<?xml version="1.0" encoding="UTF-8"?>
<!-- Generated by org.testng.reporters.JUnitReportReporter -->
<testsuite hostname="Test2" name="com.MyFleetMan.testng.testBase" tests="5" failures="0" timestamp="12 Jun 2019 06:40:08 GMT" time="214.878" errors="0">
  <testcase name="LaunchWebsite" time="3.892" classname="com.MyFleetMan.testng.testBase"/>
  <testcase name="FillLoginDetails" time="1.139" classname="com.MyFleetMan.testng.testBase"/>
  <testcase name="Logout" time="7.231" classname="com.MyFleetMan.testng.testBase"/>
  <testcase name="DoLogin" time="3.056" classname="com.MyFleetMan.testng.testBase"/>
  <testcase name="FillBookingForm" time="199.560" classname="com.MyFleetMan.testng.testBase"/>
</testsuite> <!-- com.MyFleetMan.testng.testBase -->
